<?xml version="1.0" encoding="UTF-8"?>
<testsuite xmlns:xsi="http://www.w3.org/2001/XMLSchema-instance" xsi:noNamespaceSchemaLocation="https://maven.apache.org/surefire/maven-surefire-plugin/xsd/surefire-test-report.xsd" name="com.jadeveloper.core.filters.LoggingFilterTest" time="3.38" tests="1" errors="0" skipped="0" failures="0">
  <properties>
    <property name="sun.desktop" value="windows"/>
    <property name="awt.toolkit" value="sun.awt.windows.WToolkit"/>
    <property name="java.specification.version" value="11"/>
    <property name="sun.cpu.isalist" value="amd64"/>
    <property name="sun.jnu.encoding" value="UTF-8"/>
    <property name="java.class.path" value="C:\Users\evelik\.m2\repository\org\apache\maven\surefire\surefire-booter\2.22.1\surefire-booter-2.22.1.jar;C:\Users\evelik\.m2\repository\org\apache\maven\surefire\surefire-api\2.22.1\surefire-api-2.22.1.jar;C:\Users\evelik\.m2\repository\org\apache\maven\surefire\surefire-logger-api\2.22.1\surefire-logger-api-2.22.1.jar;C:\Users\evelik\Documents\new-project-aem\proyecto-aem-ev\core\target\test-classes;C:\Users\evelik\Documents\new-project-aem\proyecto-aem-ev\core\target\classes;C:\Users\evelik\.m2\repository\com\adobe\aem\aem-sdk-api\2025.3.19823.20250304T101418Z-250300\aem-sdk-api-2025.3.19823.20250304T101418Z-250300.jar;C:\Users\evelik\.m2\repository\org\osgi\osgi.core\8.0.0\osgi.core-8.0.0.jar;C:\Users\evelik\.m2\repository\org\osgi\org.osgi.annotation.versioning\1.1.2\org.osgi.annotation.versioning-1.1.2.jar;C:\Users\evelik\.m2\repository\org\osgi\org.osgi.annotation.bundle\1.1.1\org.osgi.annotation.bundle-1.1.1.jar;C:\Users\evelik\.m2\repository\org\osgi\org.osgi.service.metatype.annotations\1.4.1\org.osgi.service.metatype.annotations-1.4.1.jar;C:\Users\evelik\.m2\repository\org\osgi\osgi.annotation\8.0.1\osgi.annotation-8.0.1.jar;C:\Users\evelik\.m2\repository\org\osgi\org.osgi.namespace.extender\1.0.1\org.osgi.namespace.extender-1.0.1.jar;C:\Users\evelik\.m2\repository\org\osgi\org.osgi.namespace.implementation\1.0.0\org.osgi.namespace.implementation-1.0.0.jar;C:\Users\evelik\.m2\repository\org\osgi\org.osgi.service.http.whiteboard\1.1.1\org.osgi.service.http.whiteboard-1.1.1.jar;C:\Users\evelik\.m2\repository\org\apache\sling\org.apache.sling.servlets.annotations\1.2.6\org.apache.sling.servlets.annotations-1.2.6.jar;C:\Users\evelik\.m2\repository\org\apache\sling\org.apache.sling.api\2.20.0\org.apache.sling.api-2.20.0.jar;C:\Users\evelik\.m2\repository\org\apache\sling\org.apache.sling.engine\2.7.2\org.apache.sling.engine-2.7.2.jar;C:\Users\evelik\.m2\repository\org\osgi\org.osgi.service.component.annotations\1.3.0\org.osgi.service.component.annotations-1.3.0.jar;C:\Users\evelik\.m2\repository\org\apache\sling\org.apache.sling.models.impl\1.4.4\org.apache.sling.models.impl-1.4.4.jar;C:\Users\evelik\.m2\repository\commons-beanutils\commons-beanutils\1.8.3\commons-beanutils-1.8.3.jar;C:\Users\evelik\.m2\repository\commons-logging\commons-logging\1.1.1\commons-logging-1.1.1.jar;C:\Users\evelik\.m2\repository\uk\org\lidalia\slf4j-test\1.0.1\slf4j-test-1.0.1.jar;C:\Users\evelik\.m2\repository\org\slf4j\slf4j-api\1.7.5\slf4j-api-1.7.5.jar;C:\Users\evelik\.m2\repository\uk\org\lidalia\lidalia-lang\1.0.0\lidalia-lang-1.0.0.jar;C:\Users\evelik\.m2\repository\org\apache\commons\commons-lang3\3.1\commons-lang3-3.1.jar;C:\Users\evelik\.m2\repository\com\google\guava\guava\14.0.1\guava-14.0.1.jar;C:\Users\evelik\.m2\repository\uk\org\lidalia\lidalia-slf4j-ext\1.0.0\lidalia-slf4j-ext-1.0.0.jar;C:\Users\evelik\.m2\repository\joda-time\joda-time\2.2\joda-time-2.2.jar;C:\Users\evelik\.m2\repository\org\junit\jupiter\junit-jupiter\5.9.1\junit-jupiter-5.9.1.jar;C:\Users\evelik\.m2\repository\org\junit\jupiter\junit-jupiter-api\5.8.2\junit-jupiter-api-5.8.2.jar;C:\Users\evelik\.m2\repository\org\opentest4j\opentest4j\1.2.0\opentest4j-1.2.0.jar;C:\Users\evelik\.m2\repository\org\junit\platform\junit-platform-commons\1.8.2\junit-platform-commons-1.8.2.jar;C:\Users\evelik\.m2\repository\org\apiguardian\apiguardian-api\1.1.2\apiguardian-api-1.1.2.jar;C:\Users\evelik\.m2\repository\org\junit\jupiter\junit-jupiter-params\5.8.2\junit-jupiter-params-5.8.2.jar;C:\Users\evelik\.m2\repository\org\junit\jupiter\junit-jupiter-engine\5.8.2\junit-jupiter-engine-5.8.2.jar;C:\Users\evelik\.m2\repository\org\junit\platform\junit-platform-engine\1.8.2\junit-platform-engine-1.8.2.jar;C:\Users\evelik\.m2\repository\org\mockito\mockito-core\4.1.0\mockito-core-4.1.0.jar;C:\Users\evelik\.m2\repository\net\bytebuddy\byte-buddy\1.12.1\byte-buddy-1.12.1.jar;C:\Users\evelik\.m2\repository\net\bytebuddy\byte-buddy-agent\1.12.1\byte-buddy-agent-1.12.1.jar;C:\Users\evelik\.m2\repository\org\objenesis\objenesis\3.2\objenesis-3.2.jar;C:\Users\evelik\.m2\repository\org\mockito\mockito-junit-jupiter\4.1.0\mockito-junit-jupiter-4.1.0.jar;C:\Users\evelik\.m2\repository\io\wcm\io.wcm.testing.aem-mock.junit5\5.0.0\io.wcm.testing.aem-mock.junit5-5.0.0.jar;C:\Users\evelik\.m2\repository\io\wcm\io.wcm.testing.aem-mock.core\5.0.0\io.wcm.testing.aem-mock.core-5.0.0.jar;C:\Users\evelik\.m2\repository\org\apache\jackrabbit\jackrabbit-jcr-commons\2.20.1\jackrabbit-jcr-commons-2.20.1.jar;C:\Users\evelik\.m2\repository\org\apache\sling\org.apache.sling.commons.osgi\2.4.0\org.apache.sling.commons.osgi-2.4.0.jar;C:\Users\evelik\.m2\repository\org\apache\sling\org.apache.sling.resourceresolver\1.7.0\org.apache.sling.resourceresolver-1.7.0.jar;C:\Users\evelik\.m2\repository\org\apache\sling\org.apache.sling.serviceusermapper\1.4.4\org.apache.sling.serviceusermapper-1.4.4.jar;C:\Users\evelik\.m2\repository\org\apache\sling\org.apache.sling.jcr.api\2.4.0\org.apache.sling.jcr.api-2.4.0.jar;C:\Users\evelik\.m2\repository\org\apache\sling\org.apache.sling.jcr.resource\3.0.18\org.apache.sling.jcr.resource-3.0.18.jar;C:\Users\evelik\.m2\repository\org\apache\sling\org.apache.sling.commons.mime\2.2.2\org.apache.sling.commons.mime-2.2.2.jar;C:\Users\evelik\.m2\repository\org\apache\sling\org.apache.sling.commons.json\2.0.20\org.apache.sling.commons.json-2.0.20.jar;C:\Users\evelik\.m2\repository\org\apache\sling\org.apache.sling.commons.classloader\1.4.2\org.apache.sling.commons.classloader-1.4.2.jar;C:\Users\evelik\.m2\repository\org\apache\sling\org.apache.sling.settings\1.3.10\org.apache.sling.settings-1.3.10.jar;C:\Users\evelik\.m2\repository\org\apache\sling\org.apache.sling.i18n\2.5.14\org.apache.sling.i18n-2.5.14.jar;C:\Users\evelik\.m2\repository\org\apache\sling\org.apache.sling.testing.jcr-mock\1.6.0\org.apache.sling.testing.jcr-mock-1.6.0.jar;C:\Users\evelik\.m2\repository\javax\jcr\jcr\2.0\jcr-2.0.jar;C:\Users\evelik\.m2\repository\org\apache\jackrabbit\oak-jackrabbit-api\1.22.5\oak-jackrabbit-api-1.22.5.jar;C:\Users\evelik\.m2\repository\org\apache\sling\org.apache.sling.testing.sling-mock.core\3.3.0\org.apache.sling.testing.sling-mock.core-3.3.0.jar;C:\Users\evelik\.m2\repository\org\apache\sling\org.apache.sling.resourcebuilder\1.0.4\org.apache.sling.resourcebuilder-1.0.4.jar;C:\Users\evelik\.m2\repository\org\osgi\org.osgi.resource\1.0.0\org.osgi.resource-1.0.0.jar;C:\Users\evelik\.m2\repository\org\osgi\org.osgi.util.converter\1.0.0\org.osgi.util.converter-1.0.0.jar;C:\Users\evelik\.m2\repository\org\osgi\org.osgi.util.function\1.1.0\org.osgi.util.function-1.1.0.jar;C:\Users\evelik\.m2\repository\org\osgi\org.osgi.util.tracker\1.5.2\org.osgi.util.tracker-1.5.2.jar;C:\Users\evelik\.m2\repository\org\apache\sling\org.apache.sling.scripting.core\2.3.2\org.apache.sling.scripting.core-2.3.2.jar;C:\Users\evelik\.m2\repository\org\apache\felix\org.apache.felix.utils\1.9.0\org.apache.felix.utils-1.9.0.jar;C:\Users\evelik\.m2\repository\org\apache\johnzon\johnzon-core\1.1.1\johnzon-core-1.1.1.jar;C:\Users\evelik\.m2\repository\org\apache\sling\org.apache.sling.adapter\2.1.10\org.apache.sling.adapter-2.1.10.jar;C:\Users\evelik\.m2\repository\org\apache\sling\org.apache.sling.featureflags\1.2.2\org.apache.sling.featureflags-1.2.2.jar;C:\Users\evelik\.m2\repository\org\apache\jackrabbit\oak-jcr\1.22.5\oak-jcr-1.22.5.jar;C:\Users\evelik\.m2\repository\org\apache\jackrabbit\oak-api\1.22.5\oak-api-1.22.5.jar;C:\Users\evelik\.m2\repository\org\apache\jackrabbit\oak-core-spi\1.22.5\oak-core-spi-1.22.5.jar;C:\Users\evelik\.m2\repository\org\apache\jackrabbit\oak-store-spi\1.22.5\oak-store-spi-1.22.5.jar;C:\Users\evelik\.m2\repository\org\apache\jackrabbit\oak-query-spi\1.22.5\oak-query-spi-1.22.5.jar;C:\Users\evelik\.m2\repository\org\apache\jackrabbit\oak-security-spi\1.22.5\oak-security-spi-1.22.5.jar;C:\Users\evelik\.m2\repository\org\apache\jackrabbit\oak-core\1.22.5\oak-core-1.22.5.jar;C:\Users\evelik\.m2\repository\org\apache\jackrabbit\oak-blob-plugins\1.22.5\oak-blob-plugins-1.22.5.jar;C:\Users\evelik\.m2\repository\org\apache\jackrabbit\jackrabbit-data\2.20.1\jackrabbit-data-2.20.1.jar;C:\Users\evelik\.m2\repository\org\apache\jackrabbit\oak-blob\1.22.5\oak-blob-1.22.5.jar;C:\Users\evelik\.m2\repository\commons-codec\commons-codec\1.14\commons-codec-1.14.jar;C:\Users\evelik\.m2\repository\org\apache\jackrabbit\oak-commons\1.22.5\oak-commons-1.22.5.jar;C:\Users\evelik\.m2\repository\commons-collections\commons-collections\3.2.2\commons-collections-3.2.2.jar;C:\Users\evelik\.m2\repository\commons-lang\commons-lang\2.6\commons-lang-2.6.jar;C:\Users\evelik\.m2\repository\org\apache\sling\org.apache.sling.contentparser.api\2.0.0\org.apache.sling.contentparser.api-2.0.0.jar;C:\Users\evelik\.m2\repository\org\apache\sling\org.apache.sling.contentparser.json\2.0.0\org.apache.sling.contentparser.json-2.0.0.jar;C:\Users\evelik\.m2\repository\org\apache\sling\org.apache.sling.contentparser.xml-jcr\2.0.0\org.apache.sling.contentparser.xml-jcr-2.0.0.jar;C:\Users\evelik\.m2\repository\org\apache\sling\org.apache.sling.fsresource\2.2.0\org.apache.sling.fsresource-2.2.0.jar;C:\Users\evelik\.m2\repository\org\apache\geronimo\specs\geronimo-atinject_1.0_spec\1.0\geronimo-atinject_1.0_spec-1.0.jar;C:\Users\evelik\.m2\repository\org\apache\geronimo\specs\geronimo-json_1.1_spec\1.0\geronimo-json_1.1_spec-1.0.jar;C:\Users\evelik\.m2\repository\org\apache\sling\org.apache.sling.testing.resourceresolver-mock\1.3.0\org.apache.sling.testing.resourceresolver-mock-1.3.0.jar;C:\Users\evelik\.m2\repository\org\apache\sling\org.apache.sling.servlet-helpers\1.4.2\org.apache.sling.servlet-helpers-1.4.2.jar;C:\Users\evelik\.m2\repository\org\apache\jackrabbit\vault\org.apache.jackrabbit.vault\3.2.8\org.apache.jackrabbit.vault-3.2.8.jar;C:\Users\evelik\.m2\repository\org\apache\commons\commons-imaging\1.0-alpha1\commons-imaging-1.0-alpha1.jar;C:\Users\evelik\.m2\repository\javax\servlet\javax.servlet-api\3.1.0\javax.servlet-api-3.1.0.jar;C:\Users\evelik\.m2\repository\javax\servlet\jsp\jsp-api\2.1\jsp-api-2.1.jar;C:\Users\evelik\.m2\repository\com\day\commons\day-commons-gfx\2.1.28\day-commons-gfx-2.1.28.jar;C:\Users\evelik\.m2\repository\com\day\commons\day-commons-any\2.0.0\day-commons-any-2.0.0.jar;C:\Users\evelik\.m2\repository\com\day\commons\day-commons-text\1.1.3\day-commons-text-1.1.3.jar;C:\Users\evelik\.m2\repository\org\apache\sling\org.apache.sling.testing.hamcrest\1.0.2\org.apache.sling.testing.hamcrest-1.0.2.jar;C:\Users\evelik\.m2\repository\org\hamcrest\hamcrest-library\1.3\hamcrest-library-1.3.jar;C:\Users\evelik\.m2\repository\org\hamcrest\hamcrest-core\1.3\hamcrest-core-1.3.jar;C:\Users\evelik\.m2\repository\org\apache\sling\org.apache.sling.xss\2.2.6\org.apache.sling.xss-2.2.6.jar;C:\Users\evelik\.m2\repository\org\apache\sling\org.apache.sling.testing.osgi-mock.junit5\3.5.0\org.apache.sling.testing.osgi-mock.junit5-3.5.0.jar;C:\Users\evelik\.m2\repository\org\apache\sling\org.apache.sling.testing.osgi-mock.core\3.5.0\org.apache.sling.testing.osgi-mock.core-3.5.0.jar;C:\Users\evelik\.m2\repository\org\osgi\org.osgi.framework\1.9.0\org.osgi.framework-1.9.0.jar;C:\Users\evelik\.m2\repository\org\osgi\org.osgi.service.component\1.4.0\org.osgi.service.component-1.4.0.jar;C:\Users\evelik\.m2\repository\org\osgi\org.osgi.service.cm\1.6.0\org.osgi.service.cm-1.6.0.jar;C:\Users\evelik\.m2\repository\org\osgi\org.osgi.service.event\1.4.0\org.osgi.service.event-1.4.0.jar;C:\Users\evelik\.m2\repository\org\osgi\org.osgi.service.log\1.3.0\org.osgi.service.log-1.3.0.jar;C:\Users\evelik\.m2\repository\org\apache\commons\commons-collections4\4.4\commons-collections4-4.4.jar;C:\Users\evelik\.m2\repository\commons-io\commons-io\2.11.0\commons-io-2.11.0.jar;C:\Users\evelik\.m2\repository\org\reflections\reflections\0.10.2\reflections-0.10.2.jar;C:\Users\evelik\.m2\repository\org\javassist\javassist\3.28.0-GA\javassist-3.28.0-GA.jar;C:\Users\evelik\.m2\repository\org\apache\maven\surefire\surefire-junit-platform\2.22.1\surefire-junit-platform-2.22.1.jar;C:\Users\evelik\.m2\repository\org\junit\platform\junit-platform-launcher\1.3.1\junit-platform-launcher-1.3.1.jar"/>
    <property name="java.vm.vendor" value="Eclipse Adoptium"/>
    <property name="sun.arch.data.model" value="64"/>
    <property name="user.variant" value=""/>
    <property name="java.vendor.url" value="https://adoptium.net/"/>
    <property name="user.timezone" value="America/Santiago"/>
    <property name="java.vm.specification.version" value="11"/>
    <property name="os.name" value="Windows 11"/>
    <property name="sun.java.launcher" value="SUN_STANDARD"/>
    <property name="user.country" value="CL"/>
    <property name="sun.boot.library.path" value="C:\Program Files\Eclipse Adoptium\jdk-11.0.26.4-hotspot\bin"/>
    <property name="sun.java.command" value="org.apache.maven.surefire.booter.ForkedBooter C:\Users\evelik\AppData\Local\Temp\surefire4939209535857359456 2025-04-02T18-02-34_851-jvmRun1 surefire2275533565535974576tmp surefire_06034835579079468664tmp"/>
    <property name="jdk.debug" value="release"/>
    <property name="surefire.test.class.path" value="C:\Users\evelik\Documents\new-project-aem\proyecto-aem-ev\core\target\test-classes;C:\Users\evelik\Documents\new-project-aem\proyecto-aem-ev\core\target\classes;C:\Users\evelik\.m2\repository\com\adobe\aem\aem-sdk-api\2025.3.19823.20250304T101418Z-250300\aem-sdk-api-2025.3.19823.20250304T101418Z-250300.jar;C:\Users\evelik\.m2\repository\org\osgi\osgi.core\8.0.0\osgi.core-8.0.0.jar;C:\Users\evelik\.m2\repository\org\osgi\org.osgi.annotation.versioning\1.1.2\org.osgi.annotation.versioning-1.1.2.jar;C:\Users\evelik\.m2\repository\org\osgi\org.osgi.annotation.bundle\1.1.1\org.osgi.annotation.bundle-1.1.1.jar;C:\Users\evelik\.m2\repository\org\osgi\org.osgi.service.metatype.annotations\1.4.1\org.osgi.service.metatype.annotations-1.4.1.jar;C:\Users\evelik\.m2\repository\org\osgi\osgi.annotation\8.0.1\osgi.annotation-8.0.1.jar;C:\Users\evelik\.m2\repository\org\osgi\org.osgi.namespace.extender\1.0.1\org.osgi.namespace.extender-1.0.1.jar;C:\Users\evelik\.m2\repository\org\osgi\org.osgi.namespace.implementation\1.0.0\org.osgi.namespace.implementation-1.0.0.jar;C:\Users\evelik\.m2\repository\org\osgi\org.osgi.service.http.whiteboard\1.1.1\org.osgi.service.http.whiteboard-1.1.1.jar;C:\Users\evelik\.m2\repository\org\apache\sling\org.apache.sling.servlets.annotations\1.2.6\org.apache.sling.servlets.annotations-1.2.6.jar;C:\Users\evelik\.m2\repository\org\apache\sling\org.apache.sling.api\2.20.0\org.apache.sling.api-2.20.0.jar;C:\Users\evelik\.m2\repository\org\apache\sling\org.apache.sling.engine\2.7.2\org.apache.sling.engine-2.7.2.jar;C:\Users\evelik\.m2\repository\org\osgi\org.osgi.service.component.annotations\1.3.0\org.osgi.service.component.annotations-1.3.0.jar;C:\Users\evelik\.m2\repository\org\apache\sling\org.apache.sling.models.impl\1.4.4\org.apache.sling.models.impl-1.4.4.jar;C:\Users\evelik\.m2\repository\commons-beanutils\commons-beanutils\1.8.3\commons-beanutils-1.8.3.jar;C:\Users\evelik\.m2\repository\commons-logging\commons-logging\1.1.1\commons-logging-1.1.1.jar;C:\Users\evelik\.m2\repository\uk\org\lidalia\slf4j-test\1.0.1\slf4j-test-1.0.1.jar;C:\Users\evelik\.m2\repository\org\slf4j\slf4j-api\1.7.5\slf4j-api-1.7.5.jar;C:\Users\evelik\.m2\repository\uk\org\lidalia\lidalia-lang\1.0.0\lidalia-lang-1.0.0.jar;C:\Users\evelik\.m2\repository\org\apache\commons\commons-lang3\3.1\commons-lang3-3.1.jar;C:\Users\evelik\.m2\repository\com\google\guava\guava\14.0.1\guava-14.0.1.jar;C:\Users\evelik\.m2\repository\uk\org\lidalia\lidalia-slf4j-ext\1.0.0\lidalia-slf4j-ext-1.0.0.jar;C:\Users\evelik\.m2\repository\joda-time\joda-time\2.2\joda-time-2.2.jar;C:\Users\evelik\.m2\repository\org\junit\jupiter\junit-jupiter\5.9.1\junit-jupiter-5.9.1.jar;C:\Users\evelik\.m2\repository\org\junit\jupiter\junit-jupiter-api\5.8.2\junit-jupiter-api-5.8.2.jar;C:\Users\evelik\.m2\repository\org\opentest4j\opentest4j\1.2.0\opentest4j-1.2.0.jar;C:\Users\evelik\.m2\repository\org\junit\platform\junit-platform-commons\1.8.2\junit-platform-commons-1.8.2.jar;C:\Users\evelik\.m2\repository\org\apiguardian\apiguardian-api\1.1.2\apiguardian-api-1.1.2.jar;C:\Users\evelik\.m2\repository\org\junit\jupiter\junit-jupiter-params\5.8.2\junit-jupiter-params-5.8.2.jar;C:\Users\evelik\.m2\repository\org\junit\jupiter\junit-jupiter-engine\5.8.2\junit-jupiter-engine-5.8.2.jar;C:\Users\evelik\.m2\repository\org\junit\platform\junit-platform-engine\1.8.2\junit-platform-engine-1.8.2.jar;C:\Users\evelik\.m2\repository\org\mockito\mockito-core\4.1.0\mockito-core-4.1.0.jar;C:\Users\evelik\.m2\repository\net\bytebuddy\byte-buddy\1.12.1\byte-buddy-1.12.1.jar;C:\Users\evelik\.m2\repository\net\bytebuddy\byte-buddy-agent\1.12.1\byte-buddy-agent-1.12.1.jar;C:\Users\evelik\.m2\repository\org\objenesis\objenesis\3.2\objenesis-3.2.jar;C:\Users\evelik\.m2\repository\org\mockito\mockito-junit-jupiter\4.1.0\mockito-junit-jupiter-4.1.0.jar;C:\Users\evelik\.m2\repository\io\wcm\io.wcm.testing.aem-mock.junit5\5.0.0\io.wcm.testing.aem-mock.junit5-5.0.0.jar;C:\Users\evelik\.m2\repository\io\wcm\io.wcm.testing.aem-mock.core\5.0.0\io.wcm.testing.aem-mock.core-5.0.0.jar;C:\Users\evelik\.m2\repository\org\apache\jackrabbit\jackrabbit-jcr-commons\2.20.1\jackrabbit-jcr-commons-2.20.1.jar;C:\Users\evelik\.m2\repository\org\apache\sling\org.apache.sling.commons.osgi\2.4.0\org.apache.sling.commons.osgi-2.4.0.jar;C:\Users\evelik\.m2\repository\org\apache\sling\org.apache.sling.resourceresolver\1.7.0\org.apache.sling.resourceresolver-1.7.0.jar;C:\Users\evelik\.m2\repository\org\apache\sling\org.apache.sling.serviceusermapper\1.4.4\org.apache.sling.serviceusermapper-1.4.4.jar;C:\Users\evelik\.m2\repository\org\apache\sling\org.apache.sling.jcr.api\2.4.0\org.apache.sling.jcr.api-2.4.0.jar;C:\Users\evelik\.m2\repository\org\apache\sling\org.apache.sling.jcr.resource\3.0.18\org.apache.sling.jcr.resource-3.0.18.jar;C:\Users\evelik\.m2\repository\org\apache\sling\org.apache.sling.commons.mime\2.2.2\org.apache.sling.commons.mime-2.2.2.jar;C:\Users\evelik\.m2\repository\org\apache\sling\org.apache.sling.commons.json\2.0.20\org.apache.sling.commons.json-2.0.20.jar;C:\Users\evelik\.m2\repository\org\apache\sling\org.apache.sling.commons.classloader\1.4.2\org.apache.sling.commons.classloader-1.4.2.jar;C:\Users\evelik\.m2\repository\org\apache\sling\org.apache.sling.settings\1.3.10\org.apache.sling.settings-1.3.10.jar;C:\Users\evelik\.m2\repository\org\apache\sling\org.apache.sling.i18n\2.5.14\org.apache.sling.i18n-2.5.14.jar;C:\Users\evelik\.m2\repository\org\apache\sling\org.apache.sling.testing.jcr-mock\1.6.0\org.apache.sling.testing.jcr-mock-1.6.0.jar;C:\Users\evelik\.m2\repository\javax\jcr\jcr\2.0\jcr-2.0.jar;C:\Users\evelik\.m2\repository\org\apache\jackrabbit\oak-jackrabbit-api\1.22.5\oak-jackrabbit-api-1.22.5.jar;C:\Users\evelik\.m2\repository\org\apache\sling\org.apache.sling.testing.sling-mock.core\3.3.0\org.apache.sling.testing.sling-mock.core-3.3.0.jar;C:\Users\evelik\.m2\repository\org\apache\sling\org.apache.sling.resourcebuilder\1.0.4\org.apache.sling.resourcebuilder-1.0.4.jar;C:\Users\evelik\.m2\repository\org\osgi\org.osgi.resource\1.0.0\org.osgi.resource-1.0.0.jar;C:\Users\evelik\.m2\repository\org\osgi\org.osgi.util.converter\1.0.0\org.osgi.util.converter-1.0.0.jar;C:\Users\evelik\.m2\repository\org\osgi\org.osgi.util.function\1.1.0\org.osgi.util.function-1.1.0.jar;C:\Users\evelik\.m2\repository\org\osgi\org.osgi.util.tracker\1.5.2\org.osgi.util.tracker-1.5.2.jar;C:\Users\evelik\.m2\repository\org\apache\sling\org.apache.sling.scripting.core\2.3.2\org.apache.sling.scripting.core-2.3.2.jar;C:\Users\evelik\.m2\repository\org\apache\felix\org.apache.felix.utils\1.9.0\org.apache.felix.utils-1.9.0.jar;C:\Users\evelik\.m2\repository\org\apache\johnzon\johnzon-core\1.1.1\johnzon-core-1.1.1.jar;C:\Users\evelik\.m2\repository\org\apache\sling\org.apache.sling.adapter\2.1.10\org.apache.sling.adapter-2.1.10.jar;C:\Users\evelik\.m2\repository\org\apache\sling\org.apache.sling.featureflags\1.2.2\org.apache.sling.featureflags-1.2.2.jar;C:\Users\evelik\.m2\repository\org\apache\jackrabbit\oak-jcr\1.22.5\oak-jcr-1.22.5.jar;C:\Users\evelik\.m2\repository\org\apache\jackrabbit\oak-api\1.22.5\oak-api-1.22.5.jar;C:\Users\evelik\.m2\repository\org\apache\jackrabbit\oak-core-spi\1.22.5\oak-core-spi-1.22.5.jar;C:\Users\evelik\.m2\repository\org\apache\jackrabbit\oak-store-spi\1.22.5\oak-store-spi-1.22.5.jar;C:\Users\evelik\.m2\repository\org\apache\jackrabbit\oak-query-spi\1.22.5\oak-query-spi-1.22.5.jar;C:\Users\evelik\.m2\repository\org\apache\jackrabbit\oak-security-spi\1.22.5\oak-security-spi-1.22.5.jar;C:\Users\evelik\.m2\repository\org\apache\jackrabbit\oak-core\1.22.5\oak-core-1.22.5.jar;C:\Users\evelik\.m2\repository\org\apache\jackrabbit\oak-blob-plugins\1.22.5\oak-blob-plugins-1.22.5.jar;C:\Users\evelik\.m2\repository\org\apache\jackrabbit\jackrabbit-data\2.20.1\jackrabbit-data-2.20.1.jar;C:\Users\evelik\.m2\repository\org\apache\jackrabbit\oak-blob\1.22.5\oak-blob-1.22.5.jar;C:\Users\evelik\.m2\repository\commons-codec\commons-codec\1.14\commons-codec-1.14.jar;C:\Users\evelik\.m2\repository\org\apache\jackrabbit\oak-commons\1.22.5\oak-commons-1.22.5.jar;C:\Users\evelik\.m2\repository\commons-collections\commons-collections\3.2.2\commons-collections-3.2.2.jar;C:\Users\evelik\.m2\repository\commons-lang\commons-lang\2.6\commons-lang-2.6.jar;C:\Users\evelik\.m2\repository\org\apache\sling\org.apache.sling.contentparser.api\2.0.0\org.apache.sling.contentparser.api-2.0.0.jar;C:\Users\evelik\.m2\repository\org\apache\sling\org.apache.sling.contentparser.json\2.0.0\org.apache.sling.contentparser.json-2.0.0.jar;C:\Users\evelik\.m2\repository\org\apache\sling\org.apache.sling.contentparser.xml-jcr\2.0.0\org.apache.sling.contentparser.xml-jcr-2.0.0.jar;C:\Users\evelik\.m2\repository\org\apache\sling\org.apache.sling.fsresource\2.2.0\org.apache.sling.fsresource-2.2.0.jar;C:\Users\evelik\.m2\repository\org\apache\geronimo\specs\geronimo-atinject_1.0_spec\1.0\geronimo-atinject_1.0_spec-1.0.jar;C:\Users\evelik\.m2\repository\org\apache\geronimo\specs\geronimo-json_1.1_spec\1.0\geronimo-json_1.1_spec-1.0.jar;C:\Users\evelik\.m2\repository\org\apache\sling\org.apache.sling.testing.resourceresolver-mock\1.3.0\org.apache.sling.testing.resourceresolver-mock-1.3.0.jar;C:\Users\evelik\.m2\repository\org\apache\sling\org.apache.sling.servlet-helpers\1.4.2\org.apache.sling.servlet-helpers-1.4.2.jar;C:\Users\evelik\.m2\repository\org\apache\jackrabbit\vault\org.apache.jackrabbit.vault\3.2.8\org.apache.jackrabbit.vault-3.2.8.jar;C:\Users\evelik\.m2\repository\org\apache\commons\commons-imaging\1.0-alpha1\commons-imaging-1.0-alpha1.jar;C:\Users\evelik\.m2\repository\javax\servlet\javax.servlet-api\3.1.0\javax.servlet-api-3.1.0.jar;C:\Users\evelik\.m2\repository\javax\servlet\jsp\jsp-api\2.1\jsp-api-2.1.jar;C:\Users\evelik\.m2\repository\com\day\commons\day-commons-gfx\2.1.28\day-commons-gfx-2.1.28.jar;C:\Users\evelik\.m2\repository\com\day\commons\day-commons-any\2.0.0\day-commons-any-2.0.0.jar;C:\Users\evelik\.m2\repository\com\day\commons\day-commons-text\1.1.3\day-commons-text-1.1.3.jar;C:\Users\evelik\.m2\repository\org\apache\sling\org.apache.sling.testing.hamcrest\1.0.2\org.apache.sling.testing.hamcrest-1.0.2.jar;C:\Users\evelik\.m2\repository\org\hamcrest\hamcrest-library\1.3\hamcrest-library-1.3.jar;C:\Users\evelik\.m2\repository\org\hamcrest\hamcrest-core\1.3\hamcrest-core-1.3.jar;C:\Users\evelik\.m2\repository\org\apache\sling\org.apache.sling.xss\2.2.6\org.apache.sling.xss-2.2.6.jar;C:\Users\evelik\.m2\repository\org\apache\sling\org.apache.sling.testing.osgi-mock.junit5\3.5.0\org.apache.sling.testing.osgi-mock.junit5-3.5.0.jar;C:\Users\evelik\.m2\repository\org\apache\sling\org.apache.sling.testing.osgi-mock.core\3.5.0\org.apache.sling.testing.osgi-mock.core-3.5.0.jar;C:\Users\evelik\.m2\repository\org\osgi\org.osgi.framework\1.9.0\org.osgi.framework-1.9.0.jar;C:\Users\evelik\.m2\repository\org\osgi\org.osgi.service.component\1.4.0\org.osgi.service.component-1.4.0.jar;C:\Users\evelik\.m2\repository\org\osgi\org.osgi.service.cm\1.6.0\org.osgi.service.cm-1.6.0.jar;C:\Users\evelik\.m2\repository\org\osgi\org.osgi.service.event\1.4.0\org.osgi.service.event-1.4.0.jar;C:\Users\evelik\.m2\repository\org\osgi\org.osgi.service.log\1.3.0\org.osgi.service.log-1.3.0.jar;C:\Users\evelik\.m2\repository\org\apache\commons\commons-collections4\4.4\commons-collections4-4.4.jar;C:\Users\evelik\.m2\repository\commons-io\commons-io\2.11.0\commons-io-2.11.0.jar;C:\Users\evelik\.m2\repository\org\reflections\reflections\0.10.2\reflections-0.10.2.jar;C:\Users\evelik\.m2\repository\org\javassist\javassist\3.28.0-GA\javassist-3.28.0-GA.jar;"/>
    <property name="sun.cpu.endian" value="little"/>
    <property name="user.home" value="C:\Users\evelik"/>
    <property name="user.language" value="es"/>
    <property name="java.specification.vendor" value="Oracle Corporation"/>
    <property name="java.version.date" value="2025-01-21"/>
    <property name="java.home" value="C:\Program Files\Eclipse Adoptium\jdk-11.0.26.4-hotspot"/>
    <property name="file.separator" value="\"/>
    <property name="basedir" value="C:\Users\evelik\Documents\new-project-aem\proyecto-aem-ev\core"/>
    <property name="java.vm.compressedOopsMode" value="Zero based"/>
    <property name="line.separator" value="&#10;"/>
    <property name="java.specification.name" value="Java Platform API Specification"/>
    <property name="java.vm.specification.vendor" value="Oracle Corporation"/>
    <property name="java.awt.graphicsenv" value="sun.awt.Win32GraphicsEnvironment"/>
    <property name="user.script" value=""/>
    <property name="sun.management.compiler" value="HotSpot 64-Bit Tiered Compilers"/>
    <property name="java.runtime.version" value="11.0.26+4"/>
    <property name="user.name" value="evelik"/>
    <property name="path.separator" value=";"/>
    <property name="os.version" value="10.0"/>
    <property name="java.runtime.name" value="OpenJDK Runtime Environment"/>
    <property name="file.encoding" value="UTF-8"/>
    <property name="java.vm.name" value="OpenJDK 64-Bit Server VM"/>
    <property name="java.vendor.version" value="Temurin-11.0.26+4"/>
    <property name="localRepository" value="C:\Users\evelik\.m2\repository"/>
    <property name="java.vendor.url.bug" value="https://github.com/adoptium/adoptium-support/issues"/>
    <property name="java.io.tmpdir" value="C:\Users\evelik\AppData\Local\Temp\"/>
    <property name="java.version" value="11.0.26"/>
    <property name="user.dir" value="C:\Users\evelik\Documents\new-project-aem\proyecto-aem-ev\core"/>
    <property name="os.arch" value="amd64"/>
    <property name="java.vm.specification.name" value="Java Virtual Machine Specification"/>
    <property name="java.awt.printerjob" value="sun.awt.windows.WPrinterJob"/>
    <property name="sun.os.patch.level" value=""/>
    <property name="java.library.path" value="C:\Program Files\Eclipse Adoptium\jdk-11.0.26.4-hotspot\bin;C:\WINDOWS\Sun\Java\bin;C:\WINDOWS\system32;C:\WINDOWS;%JAVA_HOME%\bin;C:\apache-maven-3.9.9\bin;C:\Program Files\Eclipse Adoptium\jdk-11.0.26.4-hotspot\bin;C:\Program Files (x86)\Intel\Intel(R) Management Engine Components\iCLS\;C:\Program Files\Intel\Intel(R) Management Engine Components\iCLS\;C:\Windows\system32;C:\Windows;C:\Windows\System32\Wbem;C:\Windows\System32\WindowsPowerShell\v1.0\;C:\Windows\System32\OpenSSH\;C:\Program Files (x86)\Intel\Intel(R) Management Engine Components\DAL;C:\Program Files\Intel\Intel(R) Management Engine Components\DAL;C:\Program Files\Intel\WiFi\bin\;C:\Program Files\Common Files\Intel\WirelessCommon\;C:\Program Files (x86)\NVIDIA Corporation\PhysX\Common;C:\Program Files\NVIDIA Corporation\NVIDIA NvDLISR;C:\WINDOWS\system32;C:\WINDOWS;C:\WINDOWS\System32\Wbem;C:\WINDOWS\System32\WindowsPowerShell\v1.0\;C:\WINDOWS\System32\OpenSSH\;C:\gradle-6.6.1\bin;C:\Program Files\dotnet\;C:\Program Files\Git\cmd;C:\Program Files\nodejs\;C:\Program Files (x86)\Groovy\bin;C:\Program Files (x86)\Groovy\bin;C:\Users\evelik\AppData\Roaming\npm;C:\Users\evelik\AppData\Local\Programs\Microsoft VS Code\bin;c:\Users\evelik\AppData\Roaming\Code\User\globalStorage\github.copilot-chat\debugCommand;."/>
    <property name="java.vm.info" value="mixed mode"/>
    <property name="java.vendor" value="Eclipse Adoptium"/>
    <property name="java.vm.version" value="11.0.26+4"/>
    <property name="java.specification.maintenance.version" value="3"/>
    <property name="sun.io.unicode.encoding" value="UnicodeLittle"/>
    <property name="java.class.version" value="55.0"/>
  </properties>
  <testcase name="doFilter{AemContext}" classname="com.jadeveloper.core.filters.LoggingFilterTest" time="3.32"/>
</testsuite>